  allPathsSourceTarget.cpp
E:\personal\cdd\LeetCode\LeetCode\allPathsSourceTarget.cpp(27,21): warning C4018: “<”: 有符号/无符号不匹配
  BubbleSort.cpp
  canPartition.cpp
E:\personal\cdd\LeetCode\LeetCode\canPartition.cpp(35,15): warning C4553: “==”: 未使用表达式结果；是否打算使用“=”?
  change.cpp
E:\personal\cdd\LeetCode\LeetCode\change.cpp(11,21): warning C4018: “<”: 有符号/无符号不匹配
  coinChange.cpp
E:\personal\cdd\LeetCode\LeetCode\coinChange.cpp(11,21): warning C4018: “<”: 有符号/无符号不匹配
  convertToTitle.cpp
  countArrangement.cpp
  findMaxForm.cpp
  getIntersectionNode.cpp
  hammingDistance.cpp
  HeapSort.cpp
  hIndex.cpp
  InsertSort.cpp
  isCovered.cpp
E:\personal\cdd\LeetCode\LeetCode\isCovered.cpp(11,21): warning C4018: “<”: 有符号/无符号不匹配
  lastStoneWeightII.cpp
E:\personal\cdd\LeetCode\LeetCode\lastStoneWeightII.cpp(12,21): warning C4018: “<”: 有符号/无符号不匹配
E:\personal\cdd\LeetCode\LeetCode\lastStoneWeightII.cpp(18,21): warning C4018: “<=”: 有符号/无符号不匹配
E:\personal\cdd\LeetCode\LeetCode\lastStoneWeightII.cpp(38,20): warning C4018: “<”: 有符号/无符号不匹配
E:\personal\cdd\LeetCode\LeetCode\lastStoneWeightII.cpp(44,21): warning C4018: “<”: 有符号/无符号不匹配
  LeetCode.cpp
  lengthOfLIS.cpp
E:\personal\cdd\LeetCode\LeetCode\lengthOfLIS.cpp(15,21): warning C4018: “<”: 有符号/无符号不匹配
  ListNode.cpp
  longestCommonSubsequence.cpp
  longestPalindromeSubseq.cpp
  正在生成代码...
  正在编译...
  majorityElement.cpp
E:\personal\cdd\LeetCode\LeetCode\majorityElement.cpp(12,21): warning C4018: “<”: 有符号/无符号不匹配
E:\personal\cdd\LeetCode\LeetCode\majorityElement.cpp(30,21): warning C4018: “<”: 有符号/无符号不匹配
E:\personal\cdd\LeetCode\LeetCode\majorityElement.cpp(37,20): warning C4018: “>=”: 有符号/无符号不匹配
  maxFrequency.cpp
E:\personal\cdd\LeetCode\LeetCode\maxFrequency.cpp(14,37): warning C4018: “<”: 有符号/无符号不匹配
  maxIceCream.cpp
E:\personal\cdd\LeetCode\LeetCode\maxIceCream.cpp(13,21): warning C4018: “<”: 有符号/无符号不匹配
E:\personal\cdd\LeetCode\LeetCode\maxIceCream.cpp(33,21): warning C4018: “<”: 有符号/无符号不匹配
  maximumElementAfterDecrementingAndRearranging.cpp
  maximumTime.cpp
  mergeSort.cpp
  minPairSum.cpp
  numberOfArithmeticSlices.cpp
  openLock.cpp
E:\personal\cdd\LeetCode\LeetCode\openLock.cpp(64,22): warning C4018: “<”: 有符号/无符号不匹配
E:\personal\cdd\LeetCode\LeetCode\openLock.cpp(100,21): warning C4018: “<”: 有符号/无符号不匹配
  QuickSort.cpp
  radixSort.cpp
  reverseVowels.cpp
  rob.cpp
  rob1.cpp
  search.cpp
  selectSort.cpp
  shellSort.cpp
  stoneGame.cpp
  totalHammingDistance.cpp
  TreeNode.cpp
  正在生成代码...
  正在编译...
  twoEggDrop.cpp
  正在生成代码...
  LeetCode.vcxproj -> E:\personal\cdd\LeetCode\Debug\LeetCode.exe
