e:\personal\cdd\leetcode\leetcode\debug\vc142.pdb
e:\personal\cdd\leetcode\leetcode\debug\vc142.idb
e:\personal\cdd\leetcode\leetcode\debug\majorityelement.obj
e:\personal\cdd\leetcode\leetcode\debug\longestpalindromesubseq.obj
e:\personal\cdd\leetcode\leetcode\debug\longestcommonsubsequence.obj
e:\personal\cdd\leetcode\leetcode\debug\listnode.obj
e:\personal\cdd\leetcode\leetcode\debug\lengthoflis.obj
e:\personal\cdd\leetcode\leetcode\debug\leetcode.obj
e:\personal\cdd\leetcode\leetcode\debug\laststoneweightii.obj
e:\personal\cdd\leetcode\leetcode\debug\iscovered.obj
e:\personal\cdd\leetcode\leetcode\debug\insertsort.obj
e:\personal\cdd\leetcode\leetcode\debug\hindex.obj
e:\personal\cdd\leetcode\leetcode\debug\heapsort.obj
e:\personal\cdd\leetcode\leetcode\debug\hammingdistance.obj
e:\personal\cdd\leetcode\leetcode\debug\getintersectionnode.obj
e:\personal\cdd\leetcode\leetcode\debug\findmaxform.obj
e:\personal\cdd\leetcode\leetcode\debug\countarrangement.obj
e:\personal\cdd\leetcode\leetcode\debug\converttotitle.obj
e:\personal\cdd\leetcode\leetcode\debug\coinchange.obj
e:\personal\cdd\leetcode\leetcode\debug\change.obj
e:\personal\cdd\leetcode\leetcode\debug\canpartition.obj
e:\personal\cdd\leetcode\leetcode\debug\bubblesort.obj
e:\personal\cdd\leetcode\leetcode\debug\twoeggdrop.obj
e:\personal\cdd\leetcode\leetcode\debug\treenode.obj
e:\personal\cdd\leetcode\leetcode\debug\totalhammingdistance.obj
e:\personal\cdd\leetcode\leetcode\debug\stonegame.obj
e:\personal\cdd\leetcode\leetcode\debug\shellsort.obj
e:\personal\cdd\leetcode\leetcode\debug\selectsort.obj
e:\personal\cdd\leetcode\leetcode\debug\search.obj
e:\personal\cdd\leetcode\leetcode\debug\rob1.obj
e:\personal\cdd\leetcode\leetcode\debug\rob.obj
e:\personal\cdd\leetcode\leetcode\debug\reversevowels.obj
e:\personal\cdd\leetcode\leetcode\debug\quicksort.obj
e:\personal\cdd\leetcode\leetcode\debug\openlock.obj
e:\personal\cdd\leetcode\leetcode\debug\numberofarithmeticslices.obj
e:\personal\cdd\leetcode\leetcode\debug\minpairsum.obj
e:\personal\cdd\leetcode\leetcode\debug\mergesort.obj
e:\personal\cdd\leetcode\leetcode\debug\maximumtime.obj
e:\personal\cdd\leetcode\leetcode\debug\maximumelementafterdecrementingandrearranging.obj
e:\personal\cdd\leetcode\leetcode\debug\maxicecream.obj
e:\personal\cdd\leetcode\leetcode\debug\maxfrequency.obj
e:\personal\cdd\leetcode\leetcode\debug\radixsort.obj
e:\personal\cdd\leetcode\leetcode\debug\allpathssourcetarget.obj
e:\personal\cdd\leetcode\debug\leetcode.exe
e:\personal\cdd\leetcode\debug\leetcode.ilk
e:\personal\cdd\leetcode\debug\leetcode.pdb
e:\personal\cdd\leetcode\leetcode\debug\leetcode.tlog\cl.command.1.tlog
e:\personal\cdd\leetcode\leetcode\debug\leetcode.tlog\cl.read.1.tlog
e:\personal\cdd\leetcode\leetcode\debug\leetcode.tlog\cl.write.1.tlog
e:\personal\cdd\leetcode\leetcode\debug\leetcode.tlog\link.command.1.tlog
e:\personal\cdd\leetcode\leetcode\debug\leetcode.tlog\link.read.1.tlog
e:\personal\cdd\leetcode\leetcode\debug\leetcode.tlog\link.write.1.tlog
